<?xml version="1.0" encoding="UTF-8"?>
<testng-results ignored="0" total="1" passed="1" failed="0" skipped="0">
  <reporter-output>
  </reporter-output>
  <suite started-at="2024-03-02T16:13:16 IST" name="Default suite" finished-at="2024-03-02T16:13:22 IST" duration-ms="6716">
    <groups>
    </groups>
    <test started-at="2024-03-02T16:13:16 IST" name="Default test" finished-at="2024-03-02T16:13:22 IST" duration-ms="6716">
      <class name="adc.tests.HomePageTest">
        <test-method signature="startTest()[pri:0, instance:adc.tests.HomePageTest@742ff096]" started-at="2024-03-02T16:13:16 IST" name="startTest" finished-at="2024-03-02T16:13:22 IST" duration-ms="6659" status="PASS">
          <reporter-output>
          </reporter-output>
        </test-method> <!-- startTest -->
      </class> <!-- adc.tests.HomePageTest -->
    </test> <!-- Default test -->
  </suite> <!-- Default suite -->
</testng-results>
